Copyright 1986-2022 Xilinx, Inc. All Rights Reserved.
-------------------------------------------------------------------------------------------------------------------------------------------------------------------------
| Tool Version     : Vivado v.2022.1 (win64) Build 3526262 Mon Apr 18 15:48:16 MDT 2022
| Date             : Thu Sep 29 08:51:29 2022
| Host             : DESKTOP-M3780A7 running 64-bit major release  (build 9200)
| Command          : report_power -file dualBlaze_wrapper_power_routed.rpt -pb dualBlaze_wrapper_power_summary_routed.pb -rpx dualBlaze_wrapper_power_routed.rpx
| Design           : dualBlaze_wrapper
| Device           : xc7a35tcpg236-1
| Design State     : routed
| Grade            : commercial
| Process          : typical
| Characterization : Production
-------------------------------------------------------------------------------------------------------------------------------------------------------------------------

Power Report

Table of Contents
-----------------
1. Summary
1.1 On-Chip Components
1.2 Power Supply Summary
1.3 Confidence Level
2. Settings
2.1 Environment
2.2 Clock Constraints
3. Detailed Reports
3.1 By Hierarchy

1. Summary
----------

+--------------------------+--------------+
| Total On-Chip Power (W)  | 0.457        |
| Design Power Budget (W)  | Unspecified* |
| Power Budget Margin (W)  | NA           |
| Dynamic (W)              | 0.383        |
| Device Static (W)        | 0.074        |
| Effective TJA (C/W)      | 5.0          |
| Max Ambient (C)          | 82.7         |
| Junction Temperature (C) | 27.3         |
| Confidence Level         | Low          |
| Setting File             | ---          |
| Simulation Activity File | ---          |
| Design Nets Matched      | NA           |
+--------------------------+--------------+
* Specify Design Power Budget using, set_operating_conditions -design_power_budget <value in Watts>


1.1 On-Chip Components
----------------------

+--------------------------+-----------+----------+-----------+-----------------+
| On-Chip                  | Power (W) | Used     | Available | Utilization (%) |
+--------------------------+-----------+----------+-----------+-----------------+
| Clocks                   |     0.080 |        9 |       --- |             --- |
| Slice Logic              |     0.028 |    13046 |       --- |             --- |
|   LUT as Logic           |     0.024 |     4731 |     20800 |           22.75 |
|   LUT as Distributed RAM |     0.002 |      184 |      9600 |            1.92 |
|   CARRY4                 |     0.001 |      125 |      8150 |            1.53 |
|   Register               |    <0.001 |     5301 |     41600 |           12.74 |
|   F7/F8 Muxes            |    <0.001 |      221 |     32600 |            0.68 |
|   LUT as Shift Register  |    <0.001 |      147 |      9600 |            1.53 |
|   Others                 |    <0.001 |     1322 |       --- |             --- |
| Signals                  |     0.061 |     9231 |       --- |             --- |
| Block RAM                |     0.095 |       24 |        50 |           48.00 |
| MMCM                     |     0.102 |        1 |         5 |           20.00 |
| DSPs                     |     0.012 |        3 |        90 |            3.33 |
| I/O                      |     0.004 |       20 |       106 |           18.87 |
| Static Power             |     0.074 |          |           |                 |
| Total                    |     0.457 |          |           |                 |
+--------------------------+-----------+----------+-----------+-----------------+


1.2 Power Supply Summary
------------------------

+-----------+-------------+-----------+-------------+------------+-------------+-------------+------------+
| Source    | Voltage (V) | Total (A) | Dynamic (A) | Static (A) | Powerup (A) | Budget (A)  | Margin (A) |
+-----------+-------------+-----------+-------------+------------+-------------+-------------+------------+
| Vccint    |       1.000 |     0.281 |       0.271 |      0.011 |       NA    | Unspecified | NA         |
| Vccaux    |       1.800 |     0.069 |       0.056 |      0.013 |       NA    | Unspecified | NA         |
| Vcco33    |       3.300 |     0.002 |       0.001 |      0.001 |       NA    | Unspecified | NA         |
| Vcco25    |       2.500 |     0.000 |       0.000 |      0.000 |       NA    | Unspecified | NA         |
| Vcco18    |       1.800 |     0.000 |       0.000 |      0.000 |       NA    | Unspecified | NA         |
| Vcco15    |       1.500 |     0.000 |       0.000 |      0.000 |       NA    | Unspecified | NA         |
| Vcco135   |       1.350 |     0.000 |       0.000 |      0.000 |       NA    | Unspecified | NA         |
| Vcco12    |       1.200 |     0.000 |       0.000 |      0.000 |       NA    | Unspecified | NA         |
| Vccaux_io |       1.800 |     0.000 |       0.000 |      0.000 |       NA    | Unspecified | NA         |
| Vccbram   |       1.000 |     0.008 |       0.007 |      0.001 |       NA    | Unspecified | NA         |
| MGTAVcc   |       1.000 |     0.000 |       0.000 |      0.000 |       NA    | Unspecified | NA         |
| MGTAVtt   |       1.200 |     0.000 |       0.000 |      0.000 |       NA    | Unspecified | NA         |
| Vccadc    |       1.800 |     0.020 |       0.000 |      0.020 |       NA    | Unspecified | NA         |
+-----------+-------------+-----------+-------------+------------+-------------+-------------+------------+


1.3 Confidence Level
--------------------

+-----------------------------+------------+--------------------------------------------------------+------------------------------------------------------------------------------------------------------------+
| User Input Data             | Confidence | Details                                                | Action                                                                                                     |
+-----------------------------+------------+--------------------------------------------------------+------------------------------------------------------------------------------------------------------------+
| Design implementation state | High       | Design is routed                                       |                                                                                                            |
| Clock nodes activity        | High       | User specified more than 95% of clocks                 |                                                                                                            |
| I/O nodes activity          | Low        | More than 75% of inputs are missing user specification | Provide missing input activity with simulation results or by editing the "By Resource Type -> I/Os" view   |
| Internal nodes activity     | Medium     | User specified less than 25% of internal nodes         | Provide missing internal nodes activity with simulation results or by editing the "By Resource Type" views |
| Device models               | High       | Device models are Production                           |                                                                                                            |
|                             |            |                                                        |                                                                                                            |
| Overall confidence level    | Low        |                                                        |                                                                                                            |
+-----------------------------+------------+--------------------------------------------------------+------------------------------------------------------------------------------------------------------------+


2. Settings
-----------

2.1 Environment
---------------

+-----------------------+--------------------------+
| Ambient Temp (C)      | 25.0                     |
| ThetaJA (C/W)         | 5.0                      |
| Airflow (LFM)         | 250                      |
| Heat Sink             | medium (Medium Profile)  |
| ThetaSA (C/W)         | 4.6                      |
| Board Selection       | medium (10"x10")         |
| # of Board Layers     | 12to15 (12 to 15 Layers) |
| Board Temperature (C) | 25.0                     |
+-----------------------+--------------------------+


2.2 Clock Constraints
---------------------

+-------------------------------------------------------------+-----------------------------------------------------------+-----------------+
| Clock                                                       | Domain                                                    | Constraint (ns) |
+-------------------------------------------------------------+-----------------------------------------------------------+-----------------+
| clk_out1_dualBlaze_clk_wiz_0_0                              | dualBlaze_i/clk_wiz_0/inst/clk_out1_dualBlaze_clk_wiz_0_0 |            10.0 |
| clk_out2_dualBlaze_clk_wiz_0_0                              | dualBlaze_i/clk_wiz_0/inst/clk_out2_dualBlaze_clk_wiz_0_0 |             2.2 |
| clk_out3_dualBlaze_clk_wiz_0_0                              | dualBlaze_i/clk_wiz_0/inst/clk_out3_dualBlaze_clk_wiz_0_0 |            20.0 |
| clkfbout_dualBlaze_clk_wiz_0_0                              | dualBlaze_i/clk_wiz_0/inst/clkfbout_dualBlaze_clk_wiz_0_0 |            10.0 |
| dualBlaze_i/mdm_1/U0/Use_E2.BSCAN_I/Use_E2.BSCANE2_I/DRCK   | dualBlaze_i/mdm_1/U0/Use_E2.BSCAN_I/DRCK                  |            33.3 |
| dualBlaze_i/mdm_1/U0/Use_E2.BSCAN_I/Use_E2.BSCANE2_I/UPDATE | dualBlaze_i/mdm_1/U0/Use_E2.BSCAN_I/Dbg_Update_0          |            33.3 |
| sys_clock                                                   | sys_clock                                                 |            10.0 |
+-------------------------------------------------------------+-----------------------------------------------------------+-----------------+


3. Detailed Reports
-------------------

3.1 By Hierarchy
----------------

+-------------------------------+-----------+
| Name                          | Power (W) |
+-------------------------------+-----------+
| dualBlaze_wrapper             |     0.383 |
|   dualBlaze_i                 |     0.379 |
|     PmodNAV_0                 |     0.017 |
|       inst                    |     0.017 |
|     PmodOLEDrgb_0             |     0.005 |
|       inst                    |     0.005 |
|     axi_bram_ctrl_0           |     0.001 |
|       U0                      |     0.001 |
|     axi_bram_ctrl_0_bram      |     0.005 |
|       U0                      |     0.005 |
|     axi_bram_ctrl_1           |     0.006 |
|       U0                      |     0.006 |
|     clk_wiz_0                 |     0.103 |
|       inst                    |     0.103 |
|     microblaze_0              |     0.012 |
|       U0                      |     0.012 |
|     microblaze_0_axi_intc     |     0.002 |
|       U0                      |     0.002 |
|     microblaze_0_axi_periph   |     0.001 |
|       xbar                    |     0.001 |
|     microblaze_0_local_memory |     0.001 |
|       lmb_bram                |     0.001 |
|     microblaze_1              |     0.195 |
|       U0                      |     0.195 |
|     microblaze_1_axi_periph   |     0.005 |
|       xbar                    |     0.005 |
|     microblaze_1_local_memory |     0.023 |
|       lmb_bram                |     0.022 |
|     rst_clk_wiz_0_50M         |     0.001 |
|       U0                      |     0.001 |
+-------------------------------+-----------+


